<?xml version="1.0" encoding="UTF-8"?>
<!DOCTYPE xml>
<persistence xmlns="http://java.sun.com/xml/ns/persistence"
	version="1.0">
	<persistence-unit name="testPU" transaction-type="RESOURCE_LOCAL">
		<provider>org.hibernate.ejb.HibernatePersistence</provider>
		<!-- Add all model class here -->
		<class>com.chomica.karatube.model.entity.Singer</class>
		<class>com.chomica.karatube.model.entity.Song</class>
		<properties>
			<!-- validate|update|create|create-drop -->
			<property name="hibernate.hbm2ddl.auto" value="create" />
			
			<property name="hibernate.show_sql" value="true" />
		</properties>
	</persistence-unit>
</persistence>
